<?xml version="1.0" encoding="UTF-8"?>
<!-- Generated by org.testng.reporters.JUnitReportReporter -->
<testsuite skipped="7" hostname="Lakhan" name="Kiverno_cms.Login" tests="8" failures="0" timestamp="2021-06-29T16:52:57 IST" time="0.049" errors="1">
  <testcase name="Then_User_click_On_AddCountry_And_Upload_FlagImage_ActiveCheckBox_And_Click_On_Save" time="0.000" classname="Kiverno_cms.Login">
    <skipped/>
  </testcase> <!-- Then_User_click_On_AddCountry_And_Upload_FlagImage_ActiveCheckBox_And_Click_On_Save -->
  <system-out/>
  <testcase name="Then_User_Fill_ClientName_Upload_Image_Add_Brandtherapy_And_Role" time="0.000" classname="Kiverno_cms.Login">
    <skipped/>
  </testcase> <!-- Then_User_Fill_ClientName_Upload_Image_Add_Brandtherapy_And_Role -->
  <system-out/>
  <testcase name="Creating_Html_report_And_LoOding_xml_File" time="0.049" classname="Kiverno_cms.Login">
    <error type="java.lang.NullPointerException">
      <![CDATA[java.lang.NullPointerException
at java.io.File.<init>(Unknown Source)
at com.relevantcodes.extentreports.Report.setFilePath(Report.java:527)
at com.relevantcodes.extentreports.ExtentReports.<init>(ExtentReports.java:80)
at com.relevantcodes.extentreports.ExtentReports.<init>(ExtentReports.java:420)
at Kiverno_cms.Login.Creating_Html_report_And_LoOding_xml_File(Login.java:25)
at sun.reflect.NativeMethodAccessorImpl.invoke0(Native Method)
at sun.reflect.NativeMethodAccessorImpl.invoke(Unknown Source)
at sun.reflect.DelegatingMethodAccessorImpl.invoke(Unknown Source)
at java.lang.reflect.Method.invoke(Unknown Source)
at org.testng.internal.MethodInvocationHelper.invokeMethod(MethodInvocationHelper.java:133)
at org.testng.internal.MethodInvocationHelper.invokeMethodConsideringTimeout(MethodInvocationHelper.java:62)
at org.testng.internal.ConfigInvoker.invokeConfigurationMethod(ConfigInvoker.java:385)
at org.testng.internal.ConfigInvoker.invokeConfigurations(ConfigInvoker.java:321)
at org.testng.SuiteRunner.privateRun(SuiteRunner.java:317)
at org.testng.SuiteRunner.run(SuiteRunner.java:276)
at org.testng.SuiteRunnerWorker.runSuite(SuiteRunnerWorker.java:53)
at org.testng.SuiteRunnerWorker.run(SuiteRunnerWorker.java:96)
at org.testng.TestNG.runSuitesSequentially(TestNG.java:1212)
at org.testng.TestNG.runSuitesLocally(TestNG.java:1134)
at org.testng.TestNG.runSuites(TestNG.java:1063)
at org.testng.TestNG.run(TestNG.java:1031)
at org.testng.remote.AbstractRemoteTestNG.run(AbstractRemoteTestNG.java:115)
at org.testng.remote.RemoteTestNG.initAndRun(RemoteTestNG.java:251)
at org.testng.remote.RemoteTestNG.main(RemoteTestNG.java:77)
]]>
    </error>
  </testcase> <!-- Creating_Html_report_And_LoOding_xml_File -->
  <system-out/>
  <testcase name="User_Clicks_On_ClientConfiguration_Tab" time="0.000" classname="Kiverno_cms.Login">
    <skipped/>
  </testcase> <!-- User_Clicks_On_ClientConfiguration_Tab -->
  <system-out/>
  <testcase name="Launching_Browser" time="0.000" classname="Kiverno_cms.Login">
    <skipped/>
  </testcase> <!-- Launching_Browser -->
  <system-out/>
  <testcase name="User_Doing_Login_With_Valid_Credencials" time="0.000" classname="Kiverno_cms.Login">
    <skipped/>
  </testcase> <!-- User_Doing_Login_With_Valid_Credencials -->
  <system-out/>
  <testcase name="User_Clicks_On_UserManagement_Tab" time="0.000" classname="Kiverno_cms.Login">
    <skipped/>
  </testcase> <!-- User_Clicks_On_UserManagement_Tab -->
  <system-out/>
  <testcase name="CompetencyConfiguration" time="0.000" classname="Kiverno_cms.Login">
    <skipped/>
  </testcase> <!-- CompetencyConfiguration -->
  <system-out/>
</testsuite> <!-- Kiverno_cms.Login -->
