<?xml version="1.0" encoding="UTF-8"?>
<!-- Generated by org.testng.reporters.JUnitReportReporter -->
<testsuite skipped="7" hostname="Lakhan" name="Kiverno_cms.ExtentReportsClass" tests="8" failures="0" timestamp="2021-06-29T17:45:17 IST" time="18.865" errors="1">
  <testcase name="Launching_Browser" time="18.641" classname="Kiverno_cms.ExtentReportsClass">
    <skipped/>
  </testcase> <!-- Launching_Browser -->
  <system-out/>
  <testcase name="User_Clicks_On_UserManagement_Tab" time="0.000" classname="Kiverno_cms.ExtentReportsClass">
    <skipped/>
  </testcase> <!-- User_Clicks_On_UserManagement_Tab -->
  <system-out/>
  <testcase name="User_Doing_Login_With_Valid_Credencials" time="0.000" classname="Kiverno_cms.ExtentReportsClass">
    <skipped/>
  </testcase> <!-- User_Doing_Login_With_Valid_Credencials -->
  <system-out/>
  <testcase name="Then_User_Fill_ClientName_Upload_Image_Add_Brandtherapy_And_Role" time="0.000" classname="Kiverno_cms.ExtentReportsClass">
    <skipped/>
  </testcase> <!-- Then_User_Fill_ClientName_Upload_Image_Add_Brandtherapy_And_Role -->
  <system-out/>
  <testcase name="User_Clicks_On_ClientConfiguration_Tab" time="0.000" classname="Kiverno_cms.ExtentReportsClass">
    <skipped/>
  </testcase> <!-- User_Clicks_On_ClientConfiguration_Tab -->
  <system-out/>
  <testcase name="getResult" time="0.007" classname="Kiverno_cms.ExtentReportsClass">
    <error type="java.lang.NullPointerException">
      <![CDATA[java.lang.NullPointerException
at Kiverno_cms.ExtentReportsClass.getResult(ExtentReportsClass.java:102)
at sun.reflect.NativeMethodAccessorImpl.invoke0(Native Method)
at sun.reflect.NativeMethodAccessorImpl.invoke(Unknown Source)
at sun.reflect.DelegatingMethodAccessorImpl.invoke(Unknown Source)
at java.lang.reflect.Method.invoke(Unknown Source)
at org.testng.internal.MethodInvocationHelper.invokeMethod(MethodInvocationHelper.java:133)
at org.testng.internal.MethodInvocationHelper.invokeMethodConsideringTimeout(MethodInvocationHelper.java:62)
at org.testng.internal.ConfigInvoker.invokeConfigurationMethod(ConfigInvoker.java:385)
at org.testng.internal.ConfigInvoker.invokeConfigurations(ConfigInvoker.java:321)
at org.testng.internal.TestInvoker.runConfigMethods(TestInvoker.java:700)
at org.testng.internal.TestInvoker.runAfterGroupsConfigurations(TestInvoker.java:676)
at org.testng.internal.TestInvoker.invokeMethod(TestInvoker.java:660)
at org.testng.internal.TestInvoker.invokeTestMethod(TestInvoker.java:173)
at org.testng.internal.MethodRunner.runInSequence(MethodRunner.java:46)
at org.testng.internal.TestInvoker$MethodInvocationAgent.invoke(TestInvoker.java:824)
at org.testng.internal.TestInvoker.invokeTestMethods(TestInvoker.java:146)
at org.testng.internal.TestMethodWorker.invokeTestMethods(TestMethodWorker.java:146)
at org.testng.internal.TestMethodWorker.run(TestMethodWorker.java:128)
at java.util.ArrayList.forEach(Unknown Source)
at org.testng.TestRunner.privateRun(TestRunner.java:794)
at org.testng.TestRunner.run(TestRunner.java:596)
at org.testng.SuiteRunner.runTest(SuiteRunner.java:377)
at org.testng.SuiteRunner.runSequentially(SuiteRunner.java:371)
at org.testng.SuiteRunner.privateRun(SuiteRunner.java:332)
at org.testng.SuiteRunner.run(SuiteRunner.java:276)
at org.testng.SuiteRunnerWorker.runSuite(SuiteRunnerWorker.java:53)
at org.testng.SuiteRunnerWorker.run(SuiteRunnerWorker.java:96)
at org.testng.TestNG.runSuitesSequentially(TestNG.java:1212)
at org.testng.TestNG.runSuitesLocally(TestNG.java:1134)
at org.testng.TestNG.runSuites(TestNG.java:1063)
at org.testng.TestNG.run(TestNG.java:1031)
at org.testng.remote.AbstractRemoteTestNG.run(AbstractRemoteTestNG.java:115)
at org.testng.remote.RemoteTestNG.initAndRun(RemoteTestNG.java:251)
at org.testng.remote.RemoteTestNG.main(RemoteTestNG.java:77)
]]>
    </error>
  </testcase> <!-- getResult -->
  <system-out/>
  <testcase name="CompetencyConfiguration" time="0.217" classname="Kiverno_cms.ExtentReportsClass">
    <skipped/>
  </testcase> <!-- CompetencyConfiguration -->
  <system-out/>
  <testcase name="Then_User_click_On_AddCountry_And_Upload_FlagImage_ActiveCheckBox_And_Click_On_Save" time="0.000" classname="Kiverno_cms.ExtentReportsClass">
    <skipped/>
  </testcase> <!-- Then_User_click_On_AddCountry_And_Upload_FlagImage_ActiveCheckBox_And_Click_On_Save -->
  <system-out/>
</testsuite> <!-- Kiverno_cms.ExtentReportsClass -->
